"Severity","ThreadID","Date","Time","Application","Message"
"ERROR","web-0","09/06/2013","02:31:50","","Page /support.cfm [C:\Inetpub\ascensionparish\support.cfm] not found"
"ERROR","web-0","09/06/2013","02:35:30","","Page /timeline.cfm [C:\Inetpub\ascensionparish\timeline.cfm] not found"
"ERROR","web-0","09/06/2013","10:07:04","","Page /index.cfm [C:\Inetpub\ascensionparish\index.cfm] not found"
"ERROR","web-0","09/06/2013","10:07:04","","Page /index.cfm [C:\Inetpub\ascensionparish\index.cfm] not found"
"ERROR","web-0","09/06/2013","11:54:14","","Page /committees.cfm [C:\Inetpub\ascensionparish\committees.cfm] not found"
"ERROR","web-0","09/06/2013","15:23:43","","Page /committees/finance.cfm [C:\Inetpub\ascensionparish\committees\finance.cfm] not found"
"ERROR","web-0","09/06/2013","15:58:46","","Page /amenbible.cfm [C:\Inetpub\ascensionparish\amenbible.cfm] not found"
"ERROR","web-0","09/06/2013","15:58:48","","Page /ere.cfm [C:\Inetpub\ascensionparish\ere.cfm] not found"
"ERROR","web-0","09/06/2013","15:58:50","","Page /index.cfm [C:\Inetpub\ascensionparish\index.cfm] not found"
"ERROR","web-0","09/06/2013","15:58:53","","Page /ministerschedule.cfm [C:\Inetpub\ascensionparish\ministerschedule.cfm] not found"
"ERROR","web-0","09/06/2013","16:39:27","","Page /timeline.cfm [C:\Inetpub\ascensionparish\timeline.cfm] not found"
"ERROR","web-0","09/06/2013","16:39:58","","Page /support.cfm [C:\Inetpub\ascensionparish\support.cfm] not found"
"ERROR","web-0","09/06/2013","16:42:17","","Page /welcome.cfm [C:\Inetpub\ascensionparish\welcome.cfm] not found"
"ERROR","web-0","09/06/2013","20:10:25","","Page /summerpicnic.cfm [C:\Inetpub\ascensionparish\summerpicnic.cfm] not found"
"ERROR","web-0","09/06/2013","21:23:06","","Page /committees/committees.cfm [C:\Inetpub\ascensionparish\committees\committees.cfm] not found"
"ERROR","web-0","09/06/2013","21:23:09","","Page /contactus.cfm [C:\Inetpub\ascensionparish\contactus.cfm] not found"
"ERROR","web-0","09/06/2013","21:23:11","","Page /newmember.cfm [C:\Inetpub\ascensionparish\newmember.cfm] not found"
"ERROR","web-0","09/06/2013","21:23:14","","Page /photos.cfm [C:\Inetpub\ascensionparish\photos.cfm] not found"
"ERROR","web-0","09/07/2013","01:34:38","","Page /school/aboutus.cfm [C:\Inetpub\ascensionparish\school\aboutus.cfm] not found"
"ERROR","web-0","09/07/2013","05:26:28","","Page /committees/index.cfm [C:\Inetpub\ascensionparish\committees\index.cfm] not found"
"ERROR","web-0","09/07/2013","08:16:42","","Page /school/tuesdaythoughts.cfm [C:\Inetpub\ascensionparish\school\tuesdaythoughts.cfm] not found"
"ERROR","web-0","09/07/2013","08:28:33","","Page /blog-2.cfm [C:\Inetpub\ascensionparish\blog-2.cfm] not found"
"ERROR","web-0","09/07/2013","08:28:33","","Page /index1.cfm [C:\Inetpub\ascensionparish\index1.cfm] not found"
"ERROR","web-0","09/07/2013","08:28:41","","Page /projects.cfm [C:\Inetpub\ascensionparish\projects.cfm] not found"
"ERROR","web-0","09/07/2013","08:28:41","","Page /resume.cfm [C:\Inetpub\ascensionparish\resume.cfm] not found"
"ERROR","web-0","09/07/2013","08:30:41","","Page /blog-4.cfm [C:\Inetpub\ascensionparish\blog-4.cfm] not found"
"ERROR","web-0","09/07/2013","08:30:41","","Page /index.cfm [C:\Inetpub\ascensionparish\index.cfm] not found"
"ERROR","web-0","09/07/2013","08:30:51","","Page /tasks.cfm [C:\Inetpub\ascensionparish\tasks.cfm] not found"
"ERROR","web-0","09/07/2013","08:30:51","","Page /service-3.cfm [C:\Inetpub\ascensionparish\service-3.cfm] not found"
"ERROR","web-0","09/07/2013","08:30:53","","Page /index.cfm [C:\Inetpub\ascensionparish\index.cfm] not found"
"ERROR","web-0","09/07/2013","08:30:53","","Page /error-log.cfm [C:\Inetpub\ascensionparish\error-log.cfm] not found"
"ERROR","web-0","09/07/2013","08:34:33","","Page /resume.cfm [C:\Inetpub\ascensionparish\resume.cfm] not found"
"ERROR","web-0","09/07/2013","08:34:34","","Page /tasks.cfm [C:\Inetpub\ascensionparish\tasks.cfm] not found"
"ERROR","web-0","09/07/2013","08:34:39","","Page /landing-page.cfm [C:\Inetpub\ascensionparish\landing-page.cfm] not found"
"ERROR","web-0","09/07/2013","08:34:39","","Page /statement.cfm [C:\Inetpub\ascensionparish\statement.cfm] not found"
"ERROR","web-0","09/07/2013","08:34:44","","Page /404.cfm [C:\Inetpub\ascensionparish\404.cfm] not found"
"ERROR","web-0","09/07/2013","08:34:44","","Page /404.cfm [C:\Inetpub\ascensionparish\404.cfm] not found"
"ERROR","web-0","09/07/2013","08:34:47","","Page /login1.cfm [C:\Inetpub\ascensionparish\login1.cfm] not found"
"ERROR","web-0","09/07/2013","08:34:47","","Page /landing-page.cfm [C:\Inetpub\ascensionparish\landing-page.cfm] not found"
"ERROR","web-0","09/07/2013","08:37:41","","Page /faq.cfm [C:\Inetpub\ascensionparish\faq.cfm] not found"
"ERROR","web-0","09/07/2013","08:37:42","","Page /register1.cfm [C:\Inetpub\ascensionparish\register1.cfm] not found"
"ERROR","web-0","09/07/2013","08:37:44","","Page /contactus.cfm [C:\Inetpub\ascensionparish\contactus.cfm] not found"
"ERROR","web-0","09/07/2013","08:37:44","","Page /service.cfm [C:\Inetpub\ascensionparish\service.cfm] not found"
"ERROR","web-0","09/07/2013","08:37:52","","Page /blog-single.cfm [C:\Inetpub\ascensionparish\blog-single.cfm] not found"
"ERROR","web-0","09/07/2013","08:37:52","","Page /portfolio.cfm [C:\Inetpub\ascensionparish\portfolio.cfm] not found"
"ERROR","web-0","09/07/2013","08:37:54","","Page /coming-soon.cfm [C:\Inetpub\ascensionparish\coming-soon.cfm] not found"
"ERROR","web-0","09/07/2013","08:37:55","","Page /timeline.cfm [C:\Inetpub\ascensionparish\timeline.cfm] not found"
"ERROR","web-0","09/07/2013","08:43:26","","Page /pricing.cfm [C:\Inetpub\ascensionparish\pricing.cfm] not found"
"ERROR","web-0","09/07/2013","08:43:27","","Page /login1.cfm [C:\Inetpub\ascensionparish\login1.cfm] not found"
"ERROR","web-0","09/07/2013","09:06:28","","Page /register1.cfm [C:\Inetpub\ascensionparish\register1.cfm] not found"
"ERROR","web-0","09/07/2013","09:06:28","","Page /blog-2.cfm [C:\Inetpub\ascensionparish\blog-2.cfm] not found"
"ERROR","web-0","09/07/2013","09:22:19","","Page /support.cfm [C:\Inetpub\ascensionparish\support.cfm] not found"
"ERROR","web-0","09/07/2013","09:22:19","","Page /blog.cfm [C:\Inetpub\ascensionparish\blog.cfm] not found"
"ERROR","web-0","09/07/2013","09:45:57","","Page /aboutus.cfm [C:\Inetpub\ascensionparish\aboutus.cfm] not found"
"ERROR","web-0","09/07/2013","10:09:33","","Page /aboutus.cfm [C:\Inetpub\ascensionparish\aboutus.cfm] not found"
"ERROR","web-0","09/07/2013","10:33:11","","Page /coming-soon.cfm [C:\Inetpub\ascensionparish\coming-soon.cfm] not found"
"ERROR","web-0","09/07/2013","10:53:58","","Page /sitemap.cfm [C:\Inetpub\ascensionparish\sitemap.cfm] not found"
"ERROR","web-0","09/07/2013","10:53:58","","Page /projects.cfm [C:\Inetpub\ascensionparish\projects.cfm] not found"
"ERROR","web-0","09/07/2013","11:18:51","","Page /service.cfm [C:\Inetpub\ascensionparish\service.cfm] not found"
"ERROR","web-0","09/07/2013","11:43:41","","Page /sitemap.cfm [C:\Inetpub\ascensionparish\sitemap.cfm] not found"
"ERROR","web-0","09/07/2013","12:04:16","","Page /amenbible.cfm [C:\Inetpub\ascensionparish\amenbible.cfm] not found"
"ERROR","web-0","09/07/2013","12:04:25","","Page /boysvball.cfm [C:\Inetpub\ascensionparish\boysvball.cfm] not found"
"ERROR","web-0","09/07/2013","12:04:26","","Page /gym.cfm [C:\Inetpub\ascensionparish\gym.cfm] not found"
"ERROR","web-0","09/07/2013","12:04:28","","Page /index.cfm [C:\Inetpub\ascensionparish\index.cfm] not found"
"ERROR","web-0","09/07/2013","12:04:30","","Page /ministerschedule.cfm [C:\Inetpub\ascensionparish\ministerschedule.cfm] not found"
"ERROR","web-0","09/07/2013","12:04:37","","Page /newmember.cfm [C:\Inetpub\ascensionparish\newmember.cfm] not found"
"ERROR","web-0","09/07/2013","12:04:47","","Page /students/index.cfm [C:\Inetpub\ascensionparish\students\index.cfm] not found"
"ERROR","web-0","09/07/2013","12:04:51","","Page /athletics/gym.cfm [C:\Inetpub\ascensionparish\athletics\gym.cfm] not found"
"ERROR","web-0","09/07/2013","12:04:58","","Page /sacraments.cfm [C:\Inetpub\ascensionparish\sacraments.cfm] not found"
"ERROR","web-0","09/07/2013","12:05:04","","Page /school/aboutus.cfm [C:\Inetpub\ascensionparish\school\aboutus.cfm] not found"
"ERROR","web-0","09/07/2013","12:05:06","","Page /school/ace.cfm [C:\Inetpub\ascensionparish\school\ace.cfm] not found"
"ERROR","web-0","09/07/2013","12:05:07","","Page /school/admission.cfm [C:\Inetpub\ascensionparish\school\admission.cfm] not found"
"ERROR","web-0","09/07/2013","12:05:09","","Page /school/contactus.cfm [C:\Inetpub\ascensionparish\school\contactus.cfm] not found"
"ERROR","web-0","09/07/2013","12:05:13","","Page /school/index.cfm [C:\Inetpub\ascensionparish\school\index.cfm] not found"
"ERROR","web-0","09/07/2013","12:05:18","","Page /school/jrkindergarten.cfm [C:\Inetpub\ascensionparish\school\jrkindergarten.cfm] not found"
"ERROR","web-0","09/07/2013","12:05:25","","Page /summerpicnic.cfm [C:\Inetpub\ascensionparish\summerpicnic.cfm] not found"
"ERROR","web-0","09/07/2013","12:05:27","","Page /youthministry.cfm [C:\Inetpub\ascensionparish\youthministry.cfm] not found"
"ERROR","web-0","09/07/2013","12:07:52","","Page /athletics/gym.cfm [C:\Inetpub\ascensionparish\athletics\gym.cfm] not found"
"ERROR","web-0","09/07/2013","12:08:10","","Page /make-post.cfm [C:\Inetpub\ascensionparish\make-post.cfm] not found"
"ERROR","web-0","09/07/2013","12:08:14","","Page /index1.cfm [C:\Inetpub\ascensionparish\index1.cfm] not found"
"ERROR","web-0","09/07/2013","12:08:14","","Page /pricing.cfm [C:\Inetpub\ascensionparish\pricing.cfm] not found"
"ERROR","web-0","09/07/2013","12:08:20","","Page /service-3.cfm [C:\Inetpub\ascensionparish\service-3.cfm] not found"
"ERROR","web-0","09/07/2013","12:08:21","","Page /blog-4.cfm [C:\Inetpub\ascensionparish\blog-4.cfm] not found"
"ERROR","web-0","09/07/2013","12:11:54","","Page /photos.cfm [C:\Inetpub\ascensionparish\photos.cfm] not found"
"ERROR","web-0","09/07/2013","12:11:58","","Page /sacraments.cfm [C:\Inetpub\ascensionparish\sacraments.cfm] not found"
"ERROR","web-0","09/07/2013","12:12:01","","Page /school/aboutus.cfm [C:\Inetpub\ascensionparish\school\aboutus.cfm] not found"
"ERROR","web-0","09/07/2013","12:12:06","","Page /school/ace.cfm [C:\Inetpub\ascensionparish\school\ace.cfm] not found"
"ERROR","web-0","09/07/2013","12:12:13","","Page /school/admission.cfm [C:\Inetpub\ascensionparish\school\admission.cfm] not found"
"ERROR","web-0","09/07/2013","12:12:17","","Page /school/contactus.cfm [C:\Inetpub\ascensionparish\school\contactus.cfm] not found"
"ERROR","web-0","09/07/2013","12:12:19","","Page /school/index.cfm [C:\Inetpub\ascensionparish\school\index.cfm] not found"
"ERROR","web-0","09/07/2013","12:12:21","","Page /school/jrkindergarten.cfm [C:\Inetpub\ascensionparish\school\jrkindergarten.cfm] not found"
"ERROR","web-0","09/07/2013","12:12:27","","Page /school/tuition.cfm [C:\Inetpub\ascensionparish\school\tuition.cfm] not found"
"ERROR","web-0","09/07/2013","12:12:31","","Page /school/welcome.cfm [C:\Inetpub\ascensionparish\school\welcome.cfm] not found"
"ERROR","web-0","09/07/2013","12:12:35","","Page /summerpicnic.cfm [C:\Inetpub\ascensionparish\summerpicnic.cfm] not found"
"ERROR","web-0","09/07/2013","12:12:42","","Page /welcome.cfm [C:\Inetpub\ascensionparish\welcome.cfm] not found"
"ERROR","web-0","09/07/2013","12:12:44","","Page /youthministry.cfm [C:\Inetpub\ascensionparish\youthministry.cfm] not found"
"ERROR","web-0","09/07/2013","12:12:53","","Page /athletics/boysvball.cfm [C:\Inetpub\ascensionparish\athletics\boysvball.cfm] not found"
"ERROR","web-0","09/07/2013","12:12:55","","Page /school/tuition.cfm [C:\Inetpub\ascensionparish\school\tuition.cfm] not found"
"ERROR","web-0","09/07/2013","12:13:03","","Page /school/welcome.cfm [C:\Inetpub\ascensionparish\school\welcome.cfm] not found"
"ERROR","web-0","09/07/2013","12:13:13","","Page /students/index.cfm [C:\Inetpub\ascensionparish\students\index.cfm] not found"
"ERROR","web-0","09/07/2013","12:13:23","","Page /athletics/boysvball.cfm [C:\Inetpub\ascensionparish\athletics\boysvball.cfm] not found"
"ERROR","web-0","09/07/2013","12:13:25","","Page /athletics/gym.cfm [C:\Inetpub\ascensionparish\athletics\gym.cfm] not found"
"ERROR","web-0","09/07/2013","12:13:26","","Page /athletics/index.cfm [C:\Inetpub\ascensionparish\athletics\index.cfm] not found"
"ERROR","web-0","09/07/2013","12:13:28","","Page /committees/index.cfm [C:\Inetpub\ascensionparish\committees\index.cfm] not found"
"ERROR","web-0","09/07/2013","12:13:29","","Page /school/ptosweepstakes.cfm [C:\Inetpub\ascensionparish\school\ptosweepstakes.cfm] not found"
"ERROR","web-0","09/07/2013","12:13:31","","Page /school/schoolboard.cfm [C:\Inetpub\ascensionparish\school\schoolboard.cfm] not found"
"ERROR","web-0","09/07/2013","12:13:33","","Page /school/supplies.cfm [C:\Inetpub\ascensionparish\school\supplies.cfm] not found"
"ERROR","web-0","09/07/2013","12:13:34","","Page /school/terrymullaney.cfm [C:\Inetpub\ascensionparish\school\terrymullaney.cfm] not found"
"ERROR","web-0","09/07/2013","12:13:36","","Page /school/tuesdaythoughts.cfm [C:\Inetpub\ascensionparish\school\tuesdaythoughts.cfm] not found"
"ERROR","web-0","09/07/2013","12:13:39","","Page /committees/index.cfm [C:\Inetpub\ascensionparish\committees\index.cfm] not found"
"ERROR","web-0","09/07/2013","12:13:40","","Page /school/ptosweepstakes.cfm [C:\Inetpub\ascensionparish\school\ptosweepstakes.cfm] not found"
"ERROR","web-0","09/07/2013","12:13:43","","Page /school/schoolboard.cfm [C:\Inetpub\ascensionparish\school\schoolboard.cfm] not found"
"ERROR","web-0","09/07/2013","12:13:44","","Page /school/supplies.cfm [C:\Inetpub\ascensionparish\school\supplies.cfm] not found"
"ERROR","web-0","09/07/2013","12:13:46","","Page /school/terrymullaney.cfm [C:\Inetpub\ascensionparish\school\terrymullaney.cfm] not found"
"ERROR","web-0","09/07/2013","12:13:48","","Page /school/tuesdaythoughts.cfm [C:\Inetpub\ascensionparish\school\tuesdaythoughts.cfm] not found"
"ERROR","web-0","09/07/2013","12:39:50","","Page /events.cfm [C:\Inetpub\ascensionparish\events.cfm] not found"
"ERROR","web-0","09/07/2013","13:11:17","","Page /blog.cfm [C:\Inetpub\ascensionparish\blog.cfm] not found"
"ERROR","web-0","09/07/2013","13:42:44","","Page /support.cfm [C:\Inetpub\ascensionparish\support.cfm] not found"
"ERROR","web-0","09/07/2013","13:43:12","","Page /faq.cfm [C:\Inetpub\ascensionparish\faq.cfm] not found"
"ERROR","web-0","09/07/2013","13:43:12","","Page /make-post.cfm [C:\Inetpub\ascensionparish\make-post.cfm] not found"
"ERROR","web-0","09/07/2013","13:57:43","","Page /features-4.cfm [C:\Inetpub\ascensionparish\features-4.cfm] not found"
"ERROR","web-0","09/07/2013","13:57:43","","Page /blog-single.cfm [C:\Inetpub\ascensionparish\blog-single.cfm] not found"
"ERROR","web-0","09/07/2013","13:57:53","","Page /timeline.cfm [C:\Inetpub\ascensionparish\timeline.cfm] not found"
"ERROR","web-0","09/07/2013","13:57:53","","Page /contactus.cfm [C:\Inetpub\ascensionparish\contactus.cfm] not found"
"ERROR","web-0","09/07/2013","13:57:59","","Page /portfolio.cfm [C:\Inetpub\ascensionparish\portfolio.cfm] not found"
"ERROR","web-0","09/07/2013","13:57:59","","Page /features-4.cfm [C:\Inetpub\ascensionparish\features-4.cfm] not found"
"ERROR","web-0","09/07/2013","14:00:34","","Page /events.cfm [C:\Inetpub\ascensionparish\events.cfm] not found"
"ERROR","web-0","09/07/2013","14:15:39","","Page /error-log.cfm [C:\Inetpub\ascensionparish\error-log.cfm] not found"
"ERROR","web-0","09/07/2013","14:39:31","","Page /statement.cfm [C:\Inetpub\ascensionparish\statement.cfm] not found"
"ERROR","web-0","09/07/2013","15:21:12","","Page /committees/pto.cfm [C:\Inetpub\ascensionparish\committees\pto.cfm] not found"
"ERROR","web-0","09/07/2013","17:14:06","","Page /youthministry.cfm [C:\Inetpub\ascensionparish\youthministry.cfm] not found"
"ERROR","web-0","09/07/2013","20:57:54","","Page /index.cfm [C:\Inetpub\ascensionparish\index.cfm] not found"
"ERROR","web-0","09/07/2013","20:57:55","","Page /index.cfm [C:\Inetpub\ascensionparish\index.cfm] not found"
"ERROR","web-0","09/07/2013","21:33:46","","Page /school/ptosweepstakes.cfm [C:\Inetpub\ascensionparish\school\ptosweepstakes.cfm] not found"
"ERROR","web-0","09/07/2013","23:20:57","","Page /committees/index.cfm [C:\Inetpub\ascensionparish\committees\index.cfm] not found"
"ERROR","web-0","09/08/2013","04:37:12","","Page /index.cfm [C:\Inetpub\ascensionparish\index.cfm] not found"
"ERROR","web-0","09/08/2013","05:34:34","","Page /school/tuition.cfm [C:\Inetpub\ascensionparish\school\tuition.cfm] not found"
"ERROR","web-0","09/08/2013","08:53:37","","Page /school/tuesdaythoughts.cfm [C:\Inetpub\ascensionparish\school\tuesdaythoughts.cfm] not found"
"ERROR","web-0","09/08/2013","09:16:20","","Page /contactus.cfm [C:\Inetpub\ascensionparish\contactus.cfm] not found"
"ERROR","web-0","09/08/2013","11:25:11","","Page /ministerschedule.cfm [C:\Inetpub\ascensionparish\ministerschedule.cfm] not found"
"ERROR","web-0","09/08/2013","11:25:15","","Page /newmember.cfm [C:\Inetpub\ascensionparish\newmember.cfm] not found"
"ERROR","web-0","09/08/2013","19:24:15","","Page /school/index.cfm [C:\Inetpub\ascensionparish\school\index.cfm] not found"
"ERROR","web-0","09/08/2013","21:28:31","","Page /summerpicnic.cfm [C:\Inetpub\ascensionparish\summerpicnic.cfm] not found"
"ERROR","web-0","09/09/2013","05:33:51","","Page /contactus.cfm [C:\Inetpub\ascensionparish\contactus.cfm] not found"
"ERROR","web-0","09/09/2013","05:33:56","","Page /school/ace.cfm [C:\Inetpub\ascensionparish\school\ace.cfm] not found"
"ERROR","web-0","09/09/2013","07:12:10","","Page /athletics/index.cfm [C:\Inetpub\ascensionparish\athletics\index.cfm] not found"
"ERROR","web-0","09/09/2013","07:12:13","","Page /school/admission.cfm [C:\Inetpub\ascensionparish\school\admission.cfm] not found"
"ERROR","web-0","09/09/2013","08:04:45","","Page /contactus.cfm [C:\Inetpub\ascensionparish\contactus.cfm] not found"
"ERROR","web-0","09/09/2013","09:32:45","","Page /sacraments.cfm [C:\Inetpub\ascensionparish\sacraments.cfm] not found"
"ERROR","web-0","09/09/2013","09:32:48","","Page /school/jrkindergarten.cfm [C:\Inetpub\ascensionparish\school\jrkindergarten.cfm] not found"
"ERROR","web-0","09/09/2013","09:32:51","","Page /school/ace.cfm [C:\Inetpub\ascensionparish\school\ace.cfm] not found"
"ERROR","web-0","09/09/2013","10:46:14","","Page /summerpicnic.cfm [C:\Inetpub\ascensionparish\summerpicnic.cfm] not found"
"ERROR","web-0","09/09/2013","11:06:11","","Page /committees/worship.cfm [C:\Inetpub\ascensionparish\committees\worship.cfm] not found"
"ERROR","web-0","09/09/2013","11:48:26","","Page /ministerschedule.cfm [C:\Inetpub\ascensionparish\ministerschedule.cfm] not found"
"ERROR","web-0","09/09/2013","12:03:32","","Page /welcome.cfm [C:\Inetpub\ascensionparish\welcome.cfm] not found"
"ERROR","web-0","09/09/2013","12:50:29","","Page /photos.cfm [C:\Inetpub\ascensionparish\photos.cfm] not found"
"ERROR","web-0","09/09/2013","13:03:42","","Page /committees/committees.cfm [C:\Inetpub\ascensionparish\committees\committees.cfm] not found"
"ERROR","web-0","09/09/2013","13:42:48","","Page /school/jrkindergarten.cfm [C:\Inetpub\ascensionparish\school\jrkindergarten.cfm] not found"
"ERROR","web-0","09/09/2013","13:53:35","","Page /school/terrymullaney.cfm [C:\Inetpub\ascensionparish\school\terrymullaney.cfm] not found"
"ERROR","web-0","09/09/2013","19:21:15","","Page /newmember.cfm [C:\Inetpub\ascensionparish\newmember.cfm] not found"
"ERROR","web-0","09/09/2013","23:24:22","","Page /committees/athletic.cfm [C:\Inetpub\ascensionparish\committees\athletic.cfm] not found"
"ERROR","web-0","09/10/2013","01:33:26","","Page /amenbible.cfm [C:\Inetpub\ascensionparish\amenbible.cfm] not found"
"ERROR","web-0","09/10/2013","01:33:30","","Page /committees/worship.cfm [C:\Inetpub\ascensionparish\committees\worship.cfm] not found"
"ERROR","web-0","09/10/2013","03:21:52","","Page /sacraments.cfm [C:\Inetpub\ascensionparish\sacraments.cfm] not found"
"ERROR","web-0","09/10/2013","05:34:58","","Page /welcome.cfm [C:\Inetpub\ascensionparish\welcome.cfm] not found"
"ERROR","web-0","09/10/2013","07:08:26","","Page /ere.cfm [C:\Inetpub\ascensionparish\ere.cfm] not found"
"ERROR","web-0","09/10/2013","09:33:39","","Page /committees/committees.cfm [C:\Inetpub\ascensionparish\committees\committees.cfm] not found"
"ERROR","web-0","09/10/2013","13:34:07","","Page /school/welcome.cfm [C:\Inetpub\ascensionparish\school\welcome.cfm] not found"
"ERROR","web-0","09/10/2013","13:34:10","","Page /welcome.cfm [C:\Inetpub\ascensionparish\welcome.cfm] not found"
"ERROR","web-0","09/10/2013","16:04:11","","Page /school/ptosweepstakes.cfm [C:\Inetpub\ascensionparish\school\ptosweepstakes.cfm] not found"
"ERROR","web-0","09/10/2013","19:24:04","","Page /school/schoolboard.cfm [C:\Inetpub\ascensionparish\school\schoolboard.cfm] not found"
"ERROR","web-0","09/10/2013","21:34:02","","Page /school/index.cfm [C:\Inetpub\ascensionparish\school\index.cfm] not found"
"ERROR","web-0","09/10/2013","23:22:18","","Page /committees/committees.cfm [C:\Inetpub\ascensionparish\committees\committees.cfm] not found"
"ERROR","web-0","09/11/2013","10:46:09","","Page /school/terrymullaney.cfm [C:\Inetpub\ascensionparish\school\terrymullaney.cfm] not found"
"ERROR","web-0","09/11/2013","13:34:44","","Page /school/tuesdaythoughts.cfm [C:\Inetpub\ascensionparish\school\tuesdaythoughts.cfm] not found"
"ERROR","web-0","09/11/2013","15:21:51","","Page /school/supplies.cfm [C:\Inetpub\ascensionparish\school\supplies.cfm] not found"
"ERROR","web-0","09/11/2013","16:52:58","","Page /index.cfm [C:\Inetpub\ascensionparish\index.cfm] not found"
"ERROR","web-0","09/11/2013","22:50:37","","Page /school/index.cfm [C:\Inetpub\ascensionparish\school\index.cfm] not found"
"ERROR","web-0","09/11/2013","23:20:53","","Page /committees/building.cfm [C:\Inetpub\ascensionparish\committees\building.cfm] not found"
"ERROR","web-0","09/12/2013","00:40:48","","Page /school/contactus.cfm [C:\Inetpub\ascensionparish\school\contactus.cfm] not found"
"ERROR","web-0","09/12/2013","01:03:36","","Page /contactus.cfm [C:\Inetpub\ascensionparish\contactus.cfm] not found"
"ERROR","web-0","09/12/2013","01:53:32","","Page /welcome.cfm [C:\Inetpub\ascensionparish\welcome.cfm] not found"
"ERROR","web-0","09/12/2013","02:52:12","","Page /committees/committees.cfm [C:\Inetpub\ascensionparish\committees\committees.cfm] not found"
"ERROR","web-0","09/12/2013","02:52:14","","Page /contactus.cfm [C:\Inetpub\ascensionparish\contactus.cfm] not found"
"ERROR","web-0","09/12/2013","02:52:18","","Page /newmember.cfm [C:\Inetpub\ascensionparish\newmember.cfm] not found"
"ERROR","web-0","09/12/2013","02:52:22","","Page /photos.cfm [C:\Inetpub\ascensionparish\photos.cfm] not found"
"ERROR","web-0","09/12/2013","02:53:55","","Page /photos.cfm [C:\Inetpub\ascensionparish\photos.cfm] not found"
"ERROR","web-0","09/12/2013","03:38:45","","Page /committees/school.cfm [C:\Inetpub\ascensionparish\committees\school.cfm] not found"
"ERROR","web-0","09/12/2013","03:56:28","","Page /youthministry.cfm [C:\Inetpub\ascensionparish\youthministry.cfm] not found"
"ERROR","web-0","09/12/2013","05:37:20","","Page /committees/summer.cfm [C:\Inetpub\ascensionparish\committees\summer.cfm] not found"
"ERROR","web-0","09/12/2013","07:21:45","","Page /school/ptosweepstakes.cfm [C:\Inetpub\ascensionparish\school\ptosweepstakes.cfm] not found"
"ERROR","web-0","09/12/2013","09:38:05","","Page /committees/parish.cfm [C:\Inetpub\ascensionparish\committees\parish.cfm] not found"
"ERROR","web-0","09/12/2013","15:24:26","","Page /committees/pto.cfm [C:\Inetpub\ascensionparish\committees\pto.cfm] not found"
"ERROR","web-0","09/12/2013","20:15:11","","Page /school/terrymullaney.cfm [C:\Inetpub\ascensionparish\school\terrymullaney.cfm] not found"
"ERROR","web-0","09/13/2013","11:21:32","","Page /index.cfm [C:\Inetpub\ascensionparish\index.cfm] not found"
"ERROR","web-0","09/13/2013","13:30:57","","Page /school/terrymullaney.cfm [C:\Inetpub\ascensionparish\school\terrymullaney.cfm] not found"
"ERROR","web-0","09/13/2013","15:28:14","","Page /ministerschedule.cfm [C:\Inetpub\ascensionparish\ministerschedule.cfm] not found"
"ERROR","web-0","09/13/2013","17:32:26","","Page /ere.cfm [C:\Inetpub\ascensionparish\ere.cfm] not found"
"ERROR","web-0","09/14/2013","05:09:58","","Page /school/supplies.cfm [C:\Inetpub\ascensionparish\school\supplies.cfm] not found"
"ERROR","web-0","09/14/2013","07:22:31","","Page /athletics/boysvball.cfm [C:\Inetpub\ascensionparish\athletics\boysvball.cfm] not found"
"ERROR","web-0","09/14/2013","16:14:14","","Page /youthministry.cfm [C:\Inetpub\ascensionparish\youthministry.cfm] not found"
"ERROR","web-0","09/14/2013","17:32:31","","Page /school/supplies.cfm [C:\Inetpub\ascensionparish\school\supplies.cfm] not found"
"ERROR","web-0","09/15/2013","01:37:18","","Page /school/contactus.cfm [C:\Inetpub\ascensionparish\school\contactus.cfm] not found"
"ERROR","web-0","09/15/2013","09:32:34","","Page /amenbible.cfm [C:\Inetpub\ascensionparish\amenbible.cfm] not found"
"ERROR","web-0","09/15/2013","13:14:55","","Page /students/index.cfm [C:\Inetpub\ascensionparish\students\index.cfm] not found"
"ERROR","web-0","09/17/2013","03:41:53","","Page /service-3.cfm [C:\Inetpub\ascensionparish\service-3.cfm] not found"
"ERROR","web-0","09/17/2013","04:10:36","","Page /school/index.cfm [C:\Inetpub\ascensionparish\school\index.cfm] not found"
"ERROR","web-0","09/17/2013","22:24:00","","Page /index.cfm [C:\Inetpub\ascensionparish\index.cfm] not found"
"ERROR","web-0","09/17/2013","22:24:04","","Page /index.cfm [C:\Inetpub\ascensionparish\index.cfm] not found"
"ERROR","web-0","09/17/2013","22:24:07","","Page /index.cfm [C:\Inetpub\ascensionparish\index.cfm] not found"
"ERROR","web-0","09/17/2013","22:24:10","","Page /index.cfm [C:\Inetpub\ascensionparish\index.cfm] not found"
"ERROR","web-0","09/17/2013","22:24:13","","Page /index.cfm [C:\Inetpub\ascensionparish\index.cfm] not found"
"ERROR","web-0","09/17/2013","22:24:25","","Page /index.cfm [C:\Inetpub\ascensionparish\index.cfm] not found"
"ERROR","web-0","09/17/2013","22:24:27","","Page /index.cfm [C:\Inetpub\ascensionparish\index.cfm] not found"
"ERROR","web-0","09/17/2013","22:24:30","","Page /index.cfm [C:\Inetpub\ascensionparish\index.cfm] not found"
"ERROR","web-0","09/17/2013","22:24:36","","Page /index.cfm [C:\Inetpub\ascensionparish\index.cfm] not found"
"ERROR","web-0","09/17/2013","22:24:37","","Page /index.cfm [C:\Inetpub\ascensionparish\index.cfm] not found"
"ERROR","web-0","09/17/2013","22:24:39","","Page /index.cfm [C:\Inetpub\ascensionparish\index.cfm] not found"
"ERROR","web-0","09/17/2013","22:24:42","","Page /index.cfm [C:\Inetpub\ascensionparish\index.cfm] not found"
"ERROR","web-0","09/17/2013","22:24:44","","Page /index.cfm [C:\Inetpub\ascensionparish\index.cfm] not found"
"ERROR","web-0","09/17/2013","22:24:45","","Page /index.cfm [C:\Inetpub\ascensionparish\index.cfm] not found"
"ERROR","web-0","09/17/2013","22:24:47","","Page /index.cfm [C:\Inetpub\ascensionparish\index.cfm] not found"
"ERROR","web-0","09/17/2013","22:24:52","","Page /index.cfm [C:\Inetpub\ascensionparish\index.cfm] not found"
"ERROR","web-0","09/17/2013","22:24:53","","Page /index.cfm [C:\Inetpub\ascensionparish\index.cfm] not found"
"ERROR","web-0","09/17/2013","22:24:55","","Page /index.cfm [C:\Inetpub\ascensionparish\index.cfm] not found"
"ERROR","web-0","09/17/2013","22:24:57","","Page /index.cfm [C:\Inetpub\ascensionparish\index.cfm] not found"
"ERROR","web-0","09/17/2013","22:24:59","","Page /index.cfm [C:\Inetpub\ascensionparish\index.cfm] not found"
"ERROR","web-0","09/17/2013","22:25:02","","Page /index.cfm [C:\Inetpub\ascensionparish\index.cfm] not found"
"ERROR","web-0","09/18/2013","10:14:24","","Page /index.cfm [C:\Inetpub\ascensionparish\index.cfm] not found"
"ERROR","web-0","09/18/2013","20:39:06","","Page /site1/contact.cfm [C:\Inetpub\ascensionparish\site1\contact.cfm] not found"
"ERROR","web-0","09/18/2013","22:12:42","","Page /login1.cfm [C:\Inetpub\ascensionparish\login1.cfm] not found"
"ERROR","web-0","09/18/2013","23:38:52","","Page /aboutus.cfm [C:\Inetpub\ascensionparish\aboutus.cfm] not found"
"ERROR","web-0","09/19/2013","06:20:14","","Page /projects.cfm [C:\Inetpub\ascensionparish\projects.cfm] not found"
"ERROR","web-0","09/19/2013","06:45:31","","Page /404.cfm [C:\Inetpub\ascensionparish\404.cfm] not found"
"ERROR","web-0","09/19/2013","07:00:27","","Page /faq.cfm [C:\Inetpub\ascensionparish\faq.cfm] not found"
"ERROR","web-0","09/19/2013","07:10:30","","Page /portfolio.cfm [C:\Inetpub\ascensionparish\portfolio.cfm] not found"
"ERROR","web-0","09/19/2013","08:40:44","","Page /blog.cfm [C:\Inetpub\ascensionparish\blog.cfm] not found"
"ERROR","web-0","09/19/2013","09:36:34","","Page /tasks.cfm [C:\Inetpub\ascensionparish\tasks.cfm] not found"
"ERROR","web-0","09/19/2013","10:28:52","","Page /index.cfm [C:\Inetpub\ascensionparish\index.cfm] not found"
"ERROR","web-0","09/19/2013","11:50:37","","Page /committees/index.cfm [C:\Inetpub\ascensionparish\committees\index.cfm] not found"
"ERROR","web-0","09/19/2013","12:30:28","","Page /blog-2.cfm [C:\Inetpub\ascensionparish\blog-2.cfm] not found"
"ERROR","web-0","09/19/2013","13:13:33","","Page /events.cfm [C:\Inetpub\ascensionparish\events.cfm] not found"
"ERROR","web-0","09/19/2013","13:54:31","","Page /service-3.cfm [C:\Inetpub\ascensionparish\service-3.cfm] not found"
"ERROR","web-0","09/19/2013","14:55:02","","Page /statement.cfm [C:\Inetpub\ascensionparish\statement.cfm] not found"
"ERROR","web-0","09/19/2013","15:53:42","","Page /features-4.cfm [C:\Inetpub\ascensionparish\features-4.cfm] not found"
"ERROR","web-0","09/19/2013","16:51:40","","Page /blog-single.cfm [C:\Inetpub\ascensionparish\blog-single.cfm] not found"
"ERROR","web-0","09/19/2013","17:00:11","","Page /landing-page.cfm [C:\Inetpub\ascensionparish\landing-page.cfm] not found"
"ERROR","web-0","09/19/2013","18:46:59","","Page /index1.cfm [C:\Inetpub\ascensionparish\index1.cfm] not found"
"ERROR","web-0","09/19/2013","19:45:57","","Page /resume.cfm [C:\Inetpub\ascensionparish\resume.cfm] not found"
"ERROR","web-0","09/19/2013","20:02:19","","Page /blog-4.cfm [C:\Inetpub\ascensionparish\blog-4.cfm] not found"
"ERROR","web-0","09/19/2013","20:15:06","","Page /pricing.cfm [C:\Inetpub\ascensionparish\pricing.cfm] not found"
"ERROR","web-0","09/19/2013","20:26:59","","Page /aboutus.cfm [C:\Inetpub\ascensionparish\aboutus.cfm] not found"
"ERROR","web-0","09/19/2013","20:39:23","","Page /service.cfm [C:\Inetpub\ascensionparish\service.cfm] not found"
"ERROR","web-0","09/19/2013","20:51:50","","Page /sitemap.cfm [C:\Inetpub\ascensionparish\sitemap.cfm] not found"
"ERROR","web-0","09/19/2013","21:16:39","","Page /error-log.cfm [C:\Inetpub\ascensionparish\error-log.cfm] not found"
"ERROR","web-0","09/19/2013","21:29:02","","Page /register1.cfm [C:\Inetpub\ascensionparish\register1.cfm] not found"
"ERROR","web-0","09/19/2013","21:41:33","","Page /make-post.cfm [C:\Inetpub\ascensionparish\make-post.cfm] not found"
"ERROR","web-0","09/19/2013","22:45:46","","Page /coming-soon.cfm [C:\Inetpub\ascensionparish\coming-soon.cfm] not found"
"ERROR","web-0","09/20/2013","18:32:41","","Page /committees/index.cfm [C:\Inetpub\ascensionparish\committees\index.cfm] not found"
"ERROR","web-0","09/20/2013","21:18:08","","Page /school/welcome.cfm [C:\Inetpub\ascensionparish\school\welcome.cfm] not found"
"ERROR","web-0","09/20/2013","23:20:17","","Page /ere.cfm [C:\Inetpub\ascensionparish\ere.cfm] not found"
"ERROR","web-0","09/21/2013","02:30:18","","Page /school/schoolboard.cfm [C:\Inetpub\ascensionparish\school\schoolboard.cfm] not found"
"ERROR","web-0","09/21/2013","09:31:29","","Page /login1.cfm [C:\Inetpub\ascensionparish\login1.cfm] not found"
"ERROR","web-0","09/21/2013","12:38:55","","Page /amenbible.cfm [C:\Inetpub\ascensionparish\amenbible.cfm] not found"
"ERROR","web-0","09/22/2013","03:55:57","","Page /projects.cfm [C:\Inetpub\ascensionparish\projects.cfm] not found"
"ERROR","web-0","09/22/2013","04:34:23","","Page /404.cfm [C:\Inetpub\ascensionparish\404.cfm] not found"
"ERROR","web-0","09/22/2013","05:34:16","","Page /faq.cfm [C:\Inetpub\ascensionparish\faq.cfm] not found"
"ERROR","web-0","09/22/2013","07:30:39","","Page /portfolio.cfm [C:\Inetpub\ascensionparish\portfolio.cfm] not found"
"ERROR","web-0","09/22/2013","08:26:44","","Page /contactus.cfm [C:\Inetpub\ascensionparish\contactus.cfm] not found"
"ERROR","web-0","09/22/2013","09:28:17","","Page /tasks.cfm [C:\Inetpub\ascensionparish\tasks.cfm] not found"
"ERROR","web-0","09/22/2013","11:25:23","","Page /events.cfm [C:\Inetpub\ascensionparish\events.cfm] not found"
"ERROR","web-0","09/22/2013","12:23:30","","Page /service-3.cfm [C:\Inetpub\ascensionparish\service-3.cfm] not found"
"ERROR","web-0","09/22/2013","12:38:21","","Page /404.cfm [C:\Inetpub\ascensionparish\404.cfm] not found"
"ERROR","web-0","09/22/2013","15:00:31","","Page /statement.cfm [C:\Inetpub\ascensionparish\statement.cfm] not found"
"ERROR","web-0","09/22/2013","15:21:04","","Page /faq.cfm [C:\Inetpub\ascensionparish\faq.cfm] not found"
"ERROR","web-0","09/22/2013","15:41:45","","Page /features-4.cfm [C:\Inetpub\ascensionparish\features-4.cfm] not found"
"ERROR","web-0","09/22/2013","16:16:47","","Page /blog-single.cfm [C:\Inetpub\ascensionparish\blog-single.cfm] not found"
"ERROR","web-0","09/22/2013","17:13:42","","Page /index1.cfm [C:\Inetpub\ascensionparish\index1.cfm] not found"
"ERROR","web-0","09/22/2013","17:28:37","","Page /landing-page.cfm [C:\Inetpub\ascensionparish\landing-page.cfm] not found"
"ERROR","web-0","09/22/2013","17:42:28","","Page /projects.cfm [C:\Inetpub\ascensionparish\projects.cfm] not found"
"ERROR","web-0","09/22/2013","18:12:20","","Page /resume.cfm [C:\Inetpub\ascensionparish\resume.cfm] not found"
"ERROR","web-0","09/22/2013","18:19:23","","Page /blog-4.cfm [C:\Inetpub\ascensionparish\blog-4.cfm] not found"
"ERROR","web-0","09/22/2013","18:29:22","","Page /pricing.cfm [C:\Inetpub\ascensionparish\pricing.cfm] not found"
"ERROR","web-0","09/22/2013","19:11:19","","Page /aboutus.cfm [C:\Inetpub\ascensionparish\aboutus.cfm] not found"
"ERROR","web-0","09/22/2013","19:20:19","","Page /service.cfm [C:\Inetpub\ascensionparish\service.cfm] not found"
"ERROR","web-0","09/22/2013","19:28:51","","Page /sitemap.cfm [C:\Inetpub\ascensionparish\sitemap.cfm] not found"
"ERROR","web-0","09/22/2013","20:09:31","","Page /error-log.cfm [C:\Inetpub\ascensionparish\error-log.cfm] not found"
"ERROR","web-0","09/22/2013","20:20:09","","Page /register1.cfm [C:\Inetpub\ascensionparish\register1.cfm] not found"
"ERROR","web-0","09/22/2013","20:33:44","","Page /make-post.cfm [C:\Inetpub\ascensionparish\make-post.cfm] not found"
"ERROR","web-0","09/22/2013","20:47:34","","Page /coming-soon.cfm [C:\Inetpub\ascensionparish\coming-soon.cfm] not found"
"ERROR","web-0","09/23/2013","06:06:47","","Page /committees/athletic.cfm [C:\Inetpub\ascensionparish\committees\athletic.cfm] not found"
"ERROR","web-0","09/23/2013","06:06:52","","Page /committees/building.cfm [C:\Inetpub\ascensionparish\committees\building.cfm] not found"
"ERROR","web-0","09/23/2013","06:06:56","","Page /committees/committees.cfm [C:\Inetpub\ascensionparish\committees\committees.cfm] not found"
"ERROR","web-0","09/23/2013","06:07:05","","Page /committees/finance.cfm [C:\Inetpub\ascensionparish\committees\finance.cfm] not found"
"ERROR","web-0","09/23/2013","06:07:15","","Page /committees/committees.cfm [C:\Inetpub\ascensionparish\committees\committees.cfm] not found"
"ERROR","web-0","09/23/2013","06:07:20","","Page /committees/finance.cfm [C:\Inetpub\ascensionparish\committees\finance.cfm] not found"
"ERROR","web-0","09/23/2013","15:43:11","","Page /projects.cfm [C:\Inetpub\ascensionparish\projects.cfm] not found"
"ERROR","web-0","09/23/2013","15:50:12","","Page /register1.cfm [C:\Inetpub\ascensionparish\register1.cfm] not found"
"ERROR","web-0","09/23/2013","17:09:50","","Page /service-3.cfm [C:\Inetpub\ascensionparish\service-3.cfm] not found"
"ERROR","web-0","09/23/2013","17:10:50","","Page /athletics/index.cfm [C:\Inetpub\ascensionparish\athletics\index.cfm] not found"
"ERROR","web-0","09/23/2013","17:20:13","","Page /resume.cfm [C:\Inetpub\ascensionparish\resume.cfm] not found"
"ERROR","web-0","09/23/2013","18:10:18","","Page /service.cfm [C:\Inetpub\ascensionparish\service.cfm] not found"
"ERROR","web-0","09/23/2013","20:06:50","","Page /tasks.cfm [C:\Inetpub\ascensionparish\tasks.cfm] not found"
"ERROR","web-0","09/23/2013","20:49:39","","Page /login1.cfm [C:\Inetpub\ascensionparish\login1.cfm] not found"
"ERROR","web-0","09/24/2013","00:58:04","","Page /sitemap.cfm [C:\Inetpub\ascensionparish\sitemap.cfm] not found"
"ERROR","web-0","09/24/2013","02:10:12","","Page /statement.cfm [C:\Inetpub\ascensionparish\statement.cfm] not found"
"ERROR","web-0","09/24/2013","06:34:53","","Page /school/jrkindergarten.cfm [C:\Inetpub\ascensionparish\school\jrkindergarten.cfm] not found"
"ERROR","web-0","09/24/2013","07:51:35","","Page /portfolio.cfm [C:\Inetpub\ascensionparish\portfolio.cfm] not found"
"ERROR","web-0","09/24/2013","08:00:21","","Page /sitemap.cfm [C:\Inetpub\ascensionparish\sitemap.cfm] not found"
"ERROR","web-0","09/24/2013","08:10:25","","Page /statement.cfm [C:\Inetpub\ascensionparish\statement.cfm] not found"
"ERROR","web-0","09/24/2013","09:47:11","","Page /photos.cfm [C:\Inetpub\ascensionparish\photos.cfm] not found"
"ERROR","web-0","09/24/2013","16:49:48","","Page /blog-4.cfm [C:\Inetpub\ascensionparish\blog-4.cfm] not found"
"ERROR","web-0","09/24/2013","17:50:24","","Page /blog-single.cfm [C:\Inetpub\ascensionparish\blog-single.cfm] not found"
"ERROR","web-0","09/24/2013","18:40:25","","Page /404.cfm [C:\Inetpub\ascensionparish\404.cfm] not found"
"ERROR","web-0","09/24/2013","19:31:05","","Page /coming-soon.cfm [C:\Inetpub\ascensionparish\coming-soon.cfm] not found"
"ERROR","web-0","09/25/2013","02:48:05","","Page /sacraments.cfm [C:\Inetpub\ascensionparish\sacraments.cfm] not found"
"ERROR","web-0","09/25/2013","04:19:40","","Page /school/tuesdaythoughts.cfm [C:\Inetpub\ascensionparish\school\tuesdaythoughts.cfm] not found"
"ERROR","web-0","09/25/2013","11:21:21","","Page /aboutus.cfm [C:\Inetpub\ascensionparish\aboutus.cfm] not found"
"ERROR","web-0","09/25/2013","13:10:21","","Page /events.cfm [C:\Inetpub\ascensionparish\events.cfm] not found"
"ERROR","web-0","09/25/2013","13:54:47","","Page /school/index.cfm [C:\Inetpub\ascensionparish\school\index.cfm] not found"
"ERROR","web-0","09/25/2013","15:13:48","","Page /committees/finance.cfm [C:\Inetpub\ascensionparish\committees\finance.cfm] not found"
"ERROR","web-0","09/25/2013","15:47:17","","Page /faq.cfm [C:\Inetpub\ascensionparish\faq.cfm] not found"
"ERROR","web-0","09/25/2013","16:09:48","","Page /contactus.cfm [C:\Inetpub\ascensionparish\contactus.cfm] not found"
"ERROR","web-0","09/25/2013","16:26:21","","Page /index.cfm [C:\Inetpub\ascensionparish\index.cfm] not found"
"ERROR","web-0","09/25/2013","19:25:44","","Page /school/schoolboard.cfm [C:\Inetpub\ascensionparish\school\schoolboard.cfm] not found"
"ERROR","web-0","09/25/2013","19:25:47","","Page /portfolio.cfm [C:\Inetpub\ascensionparish\portfolio.cfm] not found"
"ERROR","web-0","09/25/2013","19:32:17","","Page /school/ace.cfm [C:\Inetpub\ascensionparish\school\ace.cfm] not found"
"ERROR","web-0","09/25/2013","20:17:17","","Page /welcome.cfm [C:\Inetpub\ascensionparish\welcome.cfm] not found"
"ERROR","web-0","09/25/2013","21:16:59","","Page /school/welcome.cfm [C:\Inetpub\ascensionparish\school\welcome.cfm] not found"
"ERROR","web-0","09/25/2013","21:17:03","","Page /welcome.cfm [C:\Inetpub\ascensionparish\welcome.cfm] not found"
"ERROR","web-0","09/25/2013","22:32:17","","Page /photos.cfm [C:\Inetpub\ascensionparish\photos.cfm] not found"
"ERROR","web-0","09/25/2013","22:54:47","","Page /resume.cfm [C:\Inetpub\ascensionparish\resume.cfm] not found"
"ERROR","web-0","09/25/2013","23:15:54","","Page /committees/committees.cfm [C:\Inetpub\ascensionparish\committees\committees.cfm] not found"
"ERROR","web-0","09/26/2013","00:02:17","","Page /service.cfm [C:\Inetpub\ascensionparish\service.cfm] not found"
"ERROR","web-0","09/26/2013","00:47:17","","Page /features-4.cfm [C:\Inetpub\ascensionparish\features-4.cfm] not found"
"ERROR","web-0","09/26/2013","01:13:32","","Page /committees/summer.cfm [C:\Inetpub\ascensionparish\committees\summer.cfm] not found"
"ERROR","web-0","09/26/2013","01:21:33","","Page /committees/building.cfm [C:\Inetpub\ascensionparish\committees\building.cfm] not found"
"ERROR","web-0","09/26/2013","01:54:48","","Page /make-post.cfm [C:\Inetpub\ascensionparish\make-post.cfm] not found"
"ERROR","web-0","09/26/2013","02:39:47","","Page /projects.cfm [C:\Inetpub\ascensionparish\projects.cfm] not found"
"ERROR","web-0","09/26/2013","03:02:17","","Page /register1.cfm [C:\Inetpub\ascensionparish\register1.cfm] not found"
"ERROR","web-0","09/26/2013","03:04:17","","Page /committees/pto.cfm [C:\Inetpub\ascensionparish\committees\pto.cfm] not found"
"ERROR","web-0","09/26/2013","03:24:47","","Page /athletics/index.cfm [C:\Inetpub\ascensionparish\athletics\index.cfm] not found"
"ERROR","web-0","09/26/2013","04:09:47","","Page /tasks.cfm [C:\Inetpub\ascensionparish\tasks.cfm] not found"
"ERROR","web-0","09/26/2013","04:32:17","","Page /school/contactus.cfm [C:\Inetpub\ascensionparish\school\contactus.cfm] not found"
"ERROR","web-0","09/26/2013","04:40:11","","Page /committees/worship.cfm [C:\Inetpub\ascensionparish\committees\worship.cfm] not found"
"ERROR","web-0","09/26/2013","05:17:16","","Page /404.cfm [C:\Inetpub\ascensionparish\404.cfm] not found"
"ERROR","web-0","09/26/2013","05:17:20","","Page /school/index.cfm [C:\Inetpub\ascensionparish\school\index.cfm] not found"
"ERROR","web-0","09/26/2013","05:49:12","","Page /committees/school.cfm [C:\Inetpub\ascensionparish\committees\school.cfm] not found"
"ERROR","web-0","09/26/2013","06:19:56","","Page /committees/athletic.cfm [C:\Inetpub\ascensionparish\committees\athletic.cfm] not found"
"ERROR","web-0","09/26/2013","11:17:00","","Page /index1.cfm [C:\Inetpub\ascensionparish\index1.cfm] not found"
"ERROR","web-0","09/26/2013","15:07:54","","Page /school/supplies.cfm [C:\Inetpub\ascensionparish\school\supplies.cfm] not found"
"ERROR","web-0","09/26/2013","19:08:43","","Page /sitemap.cfm [C:\Inetpub\ascensionparish\sitemap.cfm] not found"
"ERROR","web-0","09/26/2013","21:17:35","","Page /school/tuesdaythoughts.cfm [C:\Inetpub\ascensionparish\school\tuesdaythoughts.cfm] not found"
"ERROR","web-0","09/26/2013","23:09:35","","Page /committees/building.cfm [C:\Inetpub\ascensionparish\committees\building.cfm] not found"
"ERROR","web-0","09/27/2013","03:03:44","","Page /school/contactus.cfm [C:\Inetpub\ascensionparish\school\contactus.cfm] not found"
"ERROR","web-0","09/27/2013","03:09:41","","Page /committees/school.cfm [C:\Inetpub\ascensionparish\committees\school.cfm] not found"
"ERROR","web-0","09/27/2013","07:11:08","","Page /school/ptosweepstakes.cfm [C:\Inetpub\ascensionparish\school\ptosweepstakes.cfm] not found"
"ERROR","web-0","09/27/2013","13:16:44","","Page /committees/summer.cfm [C:\Inetpub\ascensionparish\committees\summer.cfm] not found"
"ERROR","web-0","09/27/2013","15:11:28","","Page /committees/pto.cfm [C:\Inetpub\ascensionparish\committees\pto.cfm] not found"
"ERROR","web-0","09/27/2013","17:28:51","","Page /committees/parish.cfm [C:\Inetpub\ascensionparish\committees\parish.cfm] not found"
"ERROR","web-0","09/27/2013","17:28:54","","Page /support.cfm [C:\Inetpub\ascensionparish\support.cfm] not found"
"ERROR","web-0","09/27/2013","18:59:20","","Page /login1.cfm [C:\Inetpub\ascensionparish\login1.cfm] not found"
"ERROR","web-0","09/27/2013","19:56:21","","Page /404.cfm [C:\Inetpub\ascensionparish\404.cfm] not found"
"ERROR","web-0","09/27/2013","20:38:42","","Page /aboutus.cfm [C:\Inetpub\ascensionparish\aboutus.cfm] not found"
"ERROR","web-0","09/27/2013","21:42:14","","Page /blog-4.cfm [C:\Inetpub\ascensionparish\blog-4.cfm] not found"
"ERROR","web-0","09/27/2013","23:13:28","","Page /events.cfm [C:\Inetpub\ascensionparish\events.cfm] not found"
"ERROR","web-0","09/28/2013","01:17:16","","Page /landing-page.cfm [C:\Inetpub\ascensionparish\landing-page.cfm] not found"
"ERROR","web-0","09/28/2013","02:47:50","","Page /index.cfm [C:\Inetpub\ascensionparish\index.cfm] not found"
"ERROR","web-0","09/28/2013","04:37:54","","Page /newmember.cfm [C:\Inetpub\ascensionparish\newmember.cfm] not found"
"ERROR","web-0","09/28/2013","05:06:56","","Page /statement.cfm [C:\Inetpub\ascensionparish\statement.cfm] not found"
"ERROR","web-0","09/28/2013","06:10:28","","Page /blog-single.cfm [C:\Inetpub\ascensionparish\blog-single.cfm] not found"
"ERROR","web-0","09/28/2013","07:13:59","","Page /coming-soon.cfm [C:\Inetpub\ascensionparish\coming-soon.cfm] not found"
"ERROR","web-0","09/28/2013","07:35:10","","Page /events.cfm [C:\Inetpub\ascensionparish\events.cfm] not found"
"ERROR","web-0","09/28/2013","08:17:32","","Page /error-log.cfm [C:\Inetpub\ascensionparish\error-log.cfm] not found"
"ERROR","web-0","09/28/2013","08:59:53","","Page /faq.cfm [C:\Inetpub\ascensionparish\faq.cfm] not found"
"ERROR","web-0","09/28/2013","09:21:03","","Page /index1.cfm [C:\Inetpub\ascensionparish\index1.cfm] not found"
"ERROR","web-0","09/28/2013","09:24:28","","Page /students/index.cfm [C:\Inetpub\ascensionparish\students\index.cfm] not found"
"ERROR","web-0","09/28/2013","10:03:25","","Page /features-4.cfm [C:\Inetpub\ascensionparish\features-4.cfm] not found"
"ERROR","web-0","09/28/2013","11:11:10","","Page /index.cfm [C:\Inetpub\ascensionparish\index.cfm] not found"
"ERROR","web-0","09/28/2013","14:48:13","","Page /school/aboutus.cfm [C:\Inetpub\ascensionparish\school\aboutus.cfm] not found"
"ERROR","web-0","09/28/2013","15:09:45","","Page /ministerschedule.cfm [C:\Inetpub\ascensionparish\ministerschedule.cfm] not found"
"ERROR","web-0","09/28/2013","20:47:21","","Page /summerpicnic.cfm [C:\Inetpub\ascensionparish\summerpicnic.cfm] not found"
"ERROR","web-0","09/29/2013","01:17:21","","Page /ere.cfm [C:\Inetpub\ascensionparish\ere.cfm] not found"
"ERROR","web-0","09/29/2013","07:14:52","","Page /athletics/boysvball.cfm [C:\Inetpub\ascensionparish\athletics\boysvball.cfm] not found"
"ERROR","web-0","09/29/2013","14:52:20","","Page /youthministry.cfm [C:\Inetpub\ascensionparish\youthministry.cfm] not found"
"ERROR","web-0","09/29/2013","17:15:48","","Page /projects.cfm [C:\Inetpub\ascensionparish\projects.cfm] not found"
"ERROR","web-0","09/29/2013","21:13:36","","Page /school/supplies.cfm [C:\Inetpub\ascensionparish\school\supplies.cfm] not found"
"ERROR","web-0","09/30/2013","05:16:12","","Page /school/contactus.cfm [C:\Inetpub\ascensionparish\school\contactus.cfm] not found"
"ERROR","web-0","09/30/2013","05:16:15","","Page /tasks.cfm [C:\Inetpub\ascensionparish\tasks.cfm] not found"
"ERROR","web-0","09/30/2013","08:09:40","","Page /contactus.cfm [C:\Inetpub\ascensionparish\contactus.cfm] not found"
"ERROR","web-0","09/30/2013","13:33:46","","Page /amenbible.cfm [C:\Inetpub\ascensionparish\amenbible.cfm] not found"
"ERROR","web-0","09/30/2013","17:21:53","","Page /photos.cfm [C:\Inetpub\ascensionparish\photos.cfm] not found"
"ERROR","web-0","09/30/2013","17:21:56","","Page /students/index.cfm [C:\Inetpub\ascensionparish\students\index.cfm] not found"
"ERROR","web-0","09/30/2013","21:42:20","","Page /youthministry.cfm [C:\Inetpub\ascensionparish\youthministry.cfm] not found"
"ERROR","web-0","09/30/2013","23:13:20","","Page /athletics/index.cfm [C:\Inetpub\ascensionparish\athletics\index.cfm] not found"
"ERROR","web-0","09/30/2013","23:46:23","","Page /forms.cfm [C:\Inetpub\ascensionparish\forms.cfm] not found"
"ERROR","web-0","10/01/2013","09:43:56","","Page /site1/projects.cfm [C:\Inetpub\ascensionparish\site1\projects.cfm] not found"
"ERROR","web-0","10/01/2013","09:43:56","","Page /site1/projects.cfm [C:\Inetpub\ascensionparish\site1\projects.cfm] not found"
"ERROR","web-0","10/01/2013","09:47:10","","Page /site1/footerr.cfm [C:\Inetpub\ascensionparish\site1\footerr.cfm] not found"
"ERROR","web-0","10/01/2013","09:47:13","","Page /site1/footerr.cfm [C:\Inetpub\ascensionparish\site1\footerr.cfm] not found"
"ERROR","web-0","10/01/2013","09:47:51","","Page /site1/footerr.cfm [C:\Inetpub\ascensionparish\site1\footerr.cfm] not found"
"ERROR","web-0","10/01/2013","09:47:51","","Page /site1/footerr.cfm [C:\Inetpub\ascensionparish\site1\footerr.cfm] not found"
"ERROR","web-0","10/01/2013","11:17:58","","Page /make-post.cfm [C:\Inetpub\ascensionparish\make-post.cfm] not found"
"ERROR","web-0","10/01/2013","11:18:13","","Page /school/terrymullaney.cfm [C:\Inetpub\ascensionparish\school\terrymullaney.cfm] not found"
"ERROR","web-0","10/01/2013","11:46:05","","Page /school/ptosweepstakes.cfm [C:\Inetpub\ascensionparish\school\ptosweepstakes.cfm] not found"
"ERROR","web-0","10/01/2013","17:37:38","","Page /school/contactus.cfm [C:\Inetpub\ascensionparish\school\contactus.cfm] not found"
"ERROR","web-0","10/01/2013","19:05:43","","Page /ministerschedule.cfm [C:\Inetpub\ascensionparish\ministerschedule.cfm] not found"
"ERROR","web-0","10/01/2013","19:33:56","","Page /summerpicnic.cfm [C:\Inetpub\ascensionparish\summerpicnic.cfm] not found"
"ERROR","web-0","10/01/2013","20:23:02","","Page /school/ace.cfm [C:\Inetpub\ascensionparish\school\ace.cfm] not found"
"ERROR","web-0","10/01/2013","21:41:57","","Page /committees/parish.cfm [C:\Inetpub\ascensionparish\committees\parish.cfm] not found"
"ERROR","web-0","10/02/2013","03:39:30","","Page /photos.cfm [C:\Inetpub\ascensionparish\photos.cfm] not found"
"ERROR","web-0","10/02/2013","03:39:37","","Page /service-3.cfm [C:\Inetpub\ascensionparish\service-3.cfm] not found"
"ERROR","web-0","10/02/2013","05:15:07","","Page /blog-single.cfm [C:\Inetpub\ascensionparish\blog-single.cfm] not found"
"ERROR","web-0","10/02/2013","09:15:01","","Page /athletics/gym.cfm [C:\Inetpub\ascensionparish\athletics\gym.cfm] not found"
"ERROR","web-0","10/02/2013","19:38:29","","Page /committees/parish.cfm [C:\Inetpub\ascensionparish\committees\parish.cfm] not found"
"ERROR","web-0","10/02/2013","21:17:10","","Page /openhouse.cfm [C:\Inetpub\ascensionparish\openhouse.cfm] not found"
"ERROR","web-0","10/02/2013","23:30:45","","Page /navbar.cfm [C:\Inetpub\ascensionparish\navbar.cfm] not found"
"ERROR","web-0","10/02/2013","23:32:36","","key [HOMEURL] doesn't exist in struct (keys:stitle,ssite)"
"ERROR","web-0","10/17/2017","08:50:36","","datasource [athletics] doesn't exist; available datasource names are [clientvars,fishfry,_queryofquerydb]"
"ERROR","web-0","10/17/2017","08:55:17","","; Table 'ascension.userrole' doesn't exist"
"ERROR","web-0","10/17/2017","09:01:01","","key [ROLE] not found in query, columns are [userid,userfname,userlname]"
"ERROR","web-0","10/17/2017","09:33:21","","; Unknown column 'username' in 'where clause'"
"ERROR","web-0","10/17/2017","09:34:05","","; Unknown column 'username' in 'field list'"
"ERROR","web-0","10/17/2017","09:34:38","","; Incorrect integer value: 'fwheatley' for column 'userid' at row 1"
"ERROR","web-0","10/17/2017","09:36:53","","key [NPERSONID] doesn't exist (existing keys:NUSERID,BLOGINOK)"
"ERROR","web-0","10/17/2017","09:39:11","","key [NPERSONID] doesn't exist (existing keys:NUSERID,BLOGINOK)"
"ERROR","web-0","10/17/2017","09:39:36","","key [NPERSONID] doesn't exist (existing keys:NUSERNAME,cfid,timecreated,sessionid,urltoken,lastvisit,cftoken)"
"ERROR","web-0","10/17/2017","09:41:04","","key [ROLELIST] doesn't exist (existing keys:NUSERID,BLOGINOK)"
"ERROR","web-0","10/17/2017","09:50:26","","key [NPERSONID] doesn't exist (existing keys:NUSERNAME,cfid,timecreated,cfauthorization_athletics,sessionid,urltoken,lastvisit,cftoken)"
"ERROR","web-0","10/17/2017","09:52:59","","key [NUSERID] doesn't exist (existing keys:NUSERNAME,cfid,timecreated,cfauthorization_athletics,sessionid,urltoken,lastvisit,cftoken)"
"ERROR","web-0","10/17/2017","09:54:55","","key [NUSERID] doesn't exist (existing keys:NUSERNAME,cfid,timecreated,cfauthorization_athletics,sessionid,urltoken,lastvisit,cftoken)"
"ERROR","web-0","10/17/2017","09:55:06","","key [NUSERID] doesn't exist (existing keys:NUSERNAME,cfid,timecreated,cfauthorization_athletics,sessionid,urltoken,lastvisit,cftoken)"
"ERROR","web-0","10/17/2017","09:55:11","","key [NUSERID] doesn't exist (existing keys:NUSERNAME,cfid,timecreated,cfauthorization_athletics,sessionid,urltoken,lastvisit,cftoken)"
"ERROR","web-0","10/17/2017","09:55:52","","key [NUSERID] doesn't exist (existing keys:NUSERNAME,cfid,timecreated,cfauthorization_athletics,sessionid,urltoken,lastvisit,cftoken)"
"ERROR","web-0","10/17/2017","09:56:47","","invalid call of the function getPerson (C:\inetpub\ascension-longhorn\athletics\com\user.cfc), first Argument (userid) is of invalid type, can't cast String [fwheatley] to a value of type [numeric]"
"ERROR","web-0","10/17/2017","09:58:51","","invalid call of the function getPerson (C:\inetpub\ascension-longhorn\athletics\com\user.cfc), first Argument (userid) is of invalid type, can't cast String [fwheatley] to a value of type [numeric]"
"ERROR","web-0","10/17/2017","10:00:14","","column [FNAME] not found in query, columns are [userid,userlname,userfname]"
"ERROR","web-0","10/17/2017","10:01:01","","; Table 'ascension.person' doesn't exist"
"ERROR","web-0","10/17/2017","10:04:12","","column [FNAME] not found in query, columns are [cnt,userid,eventdate,userfname,userlname]"
"ERROR","web-0","10/18/2017","07:46:31","","; Table 'ascension.citationtype' doesn't exist"
"ERROR","web-0","10/18/2017","07:53:23","","; Table 'ascension.citationtype' doesn't exist"
"ERROR","web-0","10/18/2017","20:26:29","","; Table 'ascension.citationtype' doesn't exist"
"ERROR","web-0","10/19/2017","07:31:29","","; Unknown column 'username' in 'field list'"
"ERROR","web-0","10/19/2017","07:31:39","","; Table 'ascension.citationtype' doesn't exist"
"ERROR","web-0","10/19/2017","07:46:08","","Page /gym/citations.cfm [C:\inetpub\ascension-longhorn\gym\citations.cfm] not found"
"ERROR","web-0","10/19/2017","07:46:17","","invalid component definition, can't find com.citation"
"ERROR","web-0","10/19/2017","07:46:21","","invalid component definition, can't find com.citation"
"ERROR","web-0","10/19/2017","07:46:23","","invalid component definition, can't find com.citation"
"ERROR","web-0","10/19/2017","07:46:24","","invalid component definition, can't find com.citation"
"ERROR","web-0","10/19/2017","07:48:47","","variable [qAllCitations] doesn't exist"
"ERROR","web-0","10/19/2017","08:02:20","","client scope is not enabled; you can enable client scope with tag cfapplication/Application.cfc"
"ERROR","web-0","10/19/2017","08:02:47","","client scope is not enabled; you can enable client scope with tag cfapplication/Application.cfc"
"ERROR","web-0","10/19/2017","08:08:33","","key [BLOGGEDIN] doesn't exist (existing keys:NUSERID,cfid,timecreated,cfauthorization_athletics,sessionid,urltoken,lastvisit,cftoken)"
"ERROR","web-0","10/23/2017","07:43:24","","; Unknown column 'username' in 'field list'"
"ERROR","web-0","10/23/2017","07:45:26","","; Unknown column 'username' in 'field list'"
"ERROR","web-0","10/23/2017","07:45:59","","; Unknown column 'username' in 'field list'"
"ERROR","web-0","10/23/2017","07:49:15","","; Unknown column 'username' in 'field list'"
"ERROR","web-0","10/23/2017","07:50:29","","; Unknown column 'password' in 'field list'"
"ERROR","web-0","10/23/2017","07:50:43","","; Table 'ascension.role' doesn't exist"
"ERROR","web-0","10/23/2017","08:01:29","","column [USERNAME] not found in query, columns are [userid,pass]"
"ERROR","web-0","10/23/2017","08:01:31","","column [USERNAME] not found in query, columns are [userid,pass]"
"ERROR","web-0","10/23/2017","08:01:38","","column [USERNAME] not found in query, columns are [userid,pass]"
"ERROR","web-0","10/23/2017","08:02:32","","column [USERNAME] not found in query, columns are [userid,pass]"
"ERROR","web-0","10/23/2017","08:02:35","","column [USERNAME] not found in query, columns are [userid,pass]"
"ERROR","web-0","10/23/2017","08:08:36","","; You have an error in your SQL syntax; check the manual that corresponds to your MySQL server version for the right syntax to use near 'AND role.roleid = userrole.roleid AND
		  AND user.userid = 'fwheatley'
		  AN' at line 4"
"ERROR","web-0","10/23/2017","08:09:58","","column [USERNAME] not found in query, columns are [userid,pass]"
"ERROR","web-0","10/23/2017","08:11:30","","column [USERNAME] not found in query, columns are [userid,pass]"
"ERROR","web-0","10/23/2017","08:11:31","","column [USERNAME] not found in query, columns are [userid,pass]"
"ERROR","web-0","10/23/2017","08:11:54","","column [USERNAME] not found in query, columns are [userid,pass]"
"ERROR","web-0","10/23/2017","08:18:27","","column [USERNAME] not found in query, columns are [userid,pass]"
"ERROR","web-0","10/23/2017","08:18:41","","column [USERNAME] not found in query, columns are [userid,pass]"
"ERROR","web-0","10/23/2017","08:19:08","","column [USERNAME] not found in query, columns are [userid,pass]"
"ERROR","web-0","10/23/2017","08:20:29","","; Table 'ascension.person' doesn't exist"
"ERROR","web-0","10/23/2017","08:22:40","","; Table 'ascension.person' doesn't exist"
"ERROR","web-0","10/23/2017","08:22:48","","; Table 'ascension.state' doesn't exist"
"ERROR","web-0","10/23/2017","08:32:53","","No matching property [PERSONID] found in [string]"
"ERROR","web-0","10/23/2017","08:33:51","","No matching property [PERSONID] found in [string]"
"ERROR","web-0","10/23/2017","08:34:21","","No matching property [PERSONID] found in [string]"
"ERROR","web-0","10/23/2017","08:34:47","","No matching property [PERSONID] found in [string]"
"ERROR","web-0","10/23/2017","08:35:17","","No matching property [PERSONID] found in [string]"
"ERROR","web-0","10/23/2017","08:35:36","","No matching property [PERSONID] found in [string]"
"ERROR","web-0","10/23/2017","08:35:51","","No matching property [PERSONID] found in [string]"
"ERROR","web-0","10/23/2017","08:36:24","","No matching property [USERID] found in [string]"
"ERROR","web-0","10/23/2017","08:36:38","","Component [com.user] has no accessible Member with name [USERID]; enable [trigger data member] in admininistrator to also invoke getters and setters"
"ERROR","web-0","10/23/2017","08:39:44","","Component [com.user] has no accessible Member with name [USERID]; enable [trigger data member] in admininistrator to also invoke getters and setters"
"ERROR","web-0","10/23/2017","08:42:12","","Component [com.user] has no accessible Member with name [USERID]; enable [trigger data member] in admininistrator to also invoke getters and setters"
"ERROR","web-0","10/23/2017","08:42:24","","Component [com.user] has no accessible Member with name [USERID]; enable [trigger data member] in admininistrator to also invoke getters and setters"
"ERROR","web-0","10/23/2017","08:43:08","","Component [com.user] has no accessible Member with name [USERID]; enable [trigger data member] in admininistrator to also invoke getters and setters"
"ERROR","web-0","10/23/2017","08:45:02","","No matching property [FNAME] found in [string]"
"ERROR","web-0","10/23/2017","08:45:36","","Component [com.user] has no accessible Member with name [USERID]; enable [trigger data member] in admininistrator to also invoke getters and setters"
"ERROR","web-0","10/23/2017","08:46:32","","Component [com.user] has no accessible Member with name [USERID]; enable [trigger data member] in admininistrator to also invoke getters and setters"
"ERROR","web-0","10/24/2017","08:01:47","","key [USERID] doesn't exist in argument scope. existing keys are [userName, password]"
"ERROR","web-0","10/24/2017","08:02:08","","key [USERID] doesn't exist in argument scope. existing keys are [userName, password]"
"ERROR","web-0","10/24/2017","08:02:27","","key [USERID] doesn't exist in argument scope. existing keys are [userName, password]"
"ERROR","web-0","10/24/2017","08:03:27","","key [USERNAME] doesn't exist in argument scope. existing keys are [userid, password]"
"ERROR","web-0","10/24/2017","08:03:52","","Component [com.user] has no accessible Member with name [USERID]; enable [trigger data member] in admininistrator to also invoke getters and setters"
"ERROR","web-0","10/24/2017","08:17:33","","Component [com.user] has no accessible Member with name [USERID]; enable [trigger data member] in admininistrator to also invoke getters and setters"
"ERROR","web-0","10/26/2017","07:45:20","","; Unknown column 'item.id' in 'field list'"
"ERROR","web-0","10/26/2017","07:45:56","","variable [GETUSER] doesn't exist"
"ERROR","web-0","10/30/2017","08:42:10","","client scope is not enabled; you can enable client scope with tag cfapplication/Application.cfc"
"ERROR","web-0","11/01/2017","08:03:53","","client scope is not enabled; you can enable client scope with tag cfapplication/Application.cfc"
"ERROR","web-0","11/01/2017","08:28:39","","missing terminating [#] for expression"
"ERROR","web-0","11/01/2017","08:28:47","","missing terminating [#] for expression"
"ERROR","web-0","11/01/2017","08:31:30","","missing terminating [#] for expression"
"ERROR","web-0","11/01/2017","08:32:46","","missing terminating [#] for expression"
"ERROR","web-0","11/01/2017","08:32:56","","missing terminating [#] for expression"
"ERROR","web-0","11/01/2017","08:33:48","","missing terminating [#] for expression"
"ERROR","web-0","11/02/2017","08:11:35","","missing terminating [#] for expression"
"ERROR","web-0","11/02/2017","08:12:08","","missing terminating [#] for expression"
